<?xml version="1.0" encoding="UTF-8"?>
<!-- Generated by org.testng.reporters.JUnitXMLReporter -->
<testsuite ignored="0" hostname="Nextgen-Laptop" failures="1" tests="3" name="Error Validations Test" time="28.553" errors="0" timestamp="2025-08-07T23:24:26 IST">
  <testcase classname="mavenproject.tests.ErrorValidationsTest" name="LoginErrorValidation" time="3.581">
    <skipped/>
  </testcase> <!-- LoginErrorValidation -->
  <testcase classname="mavenproject.tests.ErrorValidationsTest" name="LoginErrorValidation" time="1.709">
    <failure type="java.lang.AssertionError" message="expected [Incorrect email or password.] but found [Incorrect email password.]">
      <![CDATA[java.lang.AssertionError: expected [Incorrect email or password.] but found [Incorrect email password.]
at mavenproject.tests.ErrorValidationsTest.LoginErrorValidation(ErrorValidationsTest.java:25)
at java.base/java.util.ArrayList.forEach(ArrayList.java:1596)
at java.base/java.util.concurrent.FutureTask.run(FutureTask.java:317)
at java.base/java.util.concurrent.ThreadPoolExecutor.runWorker(ThreadPoolExecutor.java:1144)
at java.base/java.util.concurrent.ThreadPoolExecutor$Worker.run(ThreadPoolExecutor.java:642)
at java.base/java.lang.Thread.run(Thread.java:1583)
... Removed 21 stack frames]]>
    </failure>
  </testcase> <!-- LoginErrorValidation -->
  <testcase classname="mavenproject.tests.ErrorValidationsTest" name="ProductErrorValidation" time="3.54"/>
</testsuite> <!-- Error Validations Test -->
